[06:30:18] [WARNING] mysql_connect: no password specified (C:\Users\T-GAMER\Desktop\bvidm\pawno\include\../../modules/callbacks.inc:15 -> C:\Users\T-GAMER\Desktop\bvidm\pawno\include\YSI\YSI_Coding\y_hooks\..\y_cgen\y_cgen_impl.inc:156)
[06:30:57] [ERROR] cache_get_value_name_int: value 'NULL' is not a number (C:\Users\T-GAMER\Desktop\bvidm\pawno\include\../../modules/callbacks.inc:116 -> C:\Users\T-GAMER\Desktop\bvidm\pawno\include\../../modules/callbacks.inc:107)
[06:41:15] [WARNING] mysql_connect: no password specified
[06:41:15] [WARNING] duplicate connection detected: handle id 1 already exists with host = 'localhost', username = 'root' and database = 'servidor'
[06:54:16] [WARNING] mysql_connect: no password specified (C:\Users\T-GAMER\Desktop\bvidm\pawno\include\../../modules/callbacks.inc:22 -> C:\Users\T-GAMER\Desktop\bvidm\pawno\include\YSI\YSI_Coding\y_hooks\..\y_cgen\y_cgen_impl.inc:156)
[06:56:37] [WARNING] mysql_connect: no password specified (C:\Users\T-GAMER\Desktop\bvidm\pawno\include\../../modules/callbacks.inc:22 -> C:\Users\T-GAMER\Desktop\bvidm\pawno\include\YSI\YSI_Coding\y_hooks\..\y_cgen\y_cgen_impl.inc:156)
[06:57:39] [WARNING] mysql_connect: no password specified (C:\Users\T-GAMER\Desktop\bvidm\pawno\include\../../modules/callbacks.inc:22 -> C:\Users\T-GAMER\Desktop\bvidm\pawno\include\YSI\YSI_Coding\y_hooks\..\y_cgen\y_cgen_impl.inc:156)
[07:49:49] [WARNING] mysql_connect: no password specified (C:\Users\T-GAMER\Desktop\bvidm\pawno\include\../../modules/callbacks.inc:22 -> C:\Users\T-GAMER\Desktop\bvidm\pawno\include\YSI\YSI_Coding\y_hooks\..\y_cgen\y_cgen_impl.inc:156)
[07:50:10] [ERROR] cache_get_value_name: no active cache (C:\Users\T-GAMER\Desktop\bvidm\pawno\include\../../modules/callbacks.inc:36 -> C:\Users\T-GAMER\Desktop\bvidm\pawno\include\YSI\YSI_Coding\y_hooks\..\y_cgen\y_cgen_impl.inc:156)
[07:50:52] [ERROR] error #1064 while executing query "UPDATE `jogadores` SET `pDinheiro`='500', `pScore`='0', `pSkin`='0', `pPosX`='-2247.449707', `pPosY`='245.770370', `pPosZ`='36.034492', `pPosA`='319.597046' WHERE `pID`='2', `pAdmin`='0'": You have an error in your SQL syntax; check the manual that corresponds to your MariaDB server version for the right syntax to use near ' `pAdmin`='0'' at line 1 (C:\Users\T-GAMER\Desktop\bvidm\pawno\include\../../modules/callbacks.inc:188 -> C:\Users\T-GAMER\Desktop\bvidm\pawno\include\../../modules/callbacks.inc:197 -> C:\Users\T-GAMER\Desktop\bvidm\pawno\include\YSI\YSI_Coding\y_hooks\..\y_cgen\y_cgen_impl.inc:157 -> C:\Users\T-GAMER\Desktop\bvidm\pawno\include\YSI\YSI_Data\y_foreach\y_foreach_iterators.inc:769 -> C:\Users\T-GAMER\Desktop\bvidm\pawno\include\YSI\YSI_Data\y_foreach\..\..\YSI_Core\y_core\../y_utils/y_utils_ip.inc:115 -> C:\Users\T-GAMER\Desktop\bvidm\pawno\include\YSI\YSI_Data\y_foreach\..\..\YSI_Core\y_core\..\..\YSI_Players\y_android\y_android_entry.inc:147)
[07:51:04] [WARNING] mysql_connect: no password specified (C:\Users\T-GAMER\Desktop\bvidm\pawno\include\../../modules/callbacks.inc:22 -> C:\Users\T-GAMER\Desktop\bvidm\pawno\include\YSI\YSI_Coding\y_hooks\..\y_cgen\y_cgen_impl.inc:156)
[07:51:04] [WARNING] duplicate connection detected: handle id 1 already exists with host = 'localhost', username = 'root' and database = 'servidor'
[07:51:10] [WARNING] mysql_connect: no password specified (C:\Users\T-GAMER\Desktop\bvidm\pawno\include\../../modules/callbacks.inc:22 -> C:\Users\T-GAMER\Desktop\bvidm\pawno\include\YSI\YSI_Coding\y_hooks\..\y_cgen\y_cgen_impl.inc:156)
[07:51:46] [ERROR] cache_get_value_name: no active cache (C:\Users\T-GAMER\Desktop\bvidm\pawno\include\../../modules/callbacks.inc:36 -> C:\Users\T-GAMER\Desktop\bvidm\pawno\include\YSI\YSI_Coding\y_hooks\..\y_cgen\y_cgen_impl.inc:156)
[07:51:49] [ERROR] cache_get_value_name: no active cache (C:\Users\T-GAMER\Desktop\bvidm\pawno\include\../../modules/callbacks.inc:36 -> C:\Users\T-GAMER\Desktop\bvidm\pawno\include\YSI\YSI_Coding\y_hooks\..\y_cgen\y_cgen_impl.inc:156)
[07:51:54] [ERROR] cache_get_value_name: no active cache (C:\Users\T-GAMER\Desktop\bvidm\pawno\include\../../modules/callbacks.inc:36 -> C:\Users\T-GAMER\Desktop\bvidm\pawno\include\YSI\YSI_Coding\y_hooks\..\y_cgen\y_cgen_impl.inc:156)
[08:07:35] [ERROR] error #1064 while executing query "UPDATE `jogadores` SET `pDinheiro`='500', `pScore`='0', `pSkin`='0', `pPosX`='-2245.268799', `pPosY`='264.558228', `pPosZ`='39.890625', `pPosA`='231.383499' WHERE `pID`='2', `pAdmin`='0'": You have an error in your SQL syntax; check the manual that corresponds to your MariaDB server version for the right syntax to use near ' `pAdmin`='0'' at line 1 (C:\Users\T-GAMER\Desktop\bvidm\pawno\include\../../modules/callbacks.inc:188 -> C:\Users\T-GAMER\Desktop\bvidm\pawno\include\../../modules/callbacks.inc:197 -> C:\Users\T-GAMER\Desktop\bvidm\pawno\include\YSI\YSI_Coding\y_hooks\..\y_cgen\y_cgen_impl.inc:157 -> C:\Users\T-GAMER\Desktop\bvidm\pawno\include\YSI\YSI_Data\y_foreach\y_foreach_iterators.inc:769 -> C:\Users\T-GAMER\Desktop\bvidm\pawno\include\YSI\YSI_Data\y_foreach\..\..\YSI_Core\y_core\../y_utils/y_utils_ip.inc:115 -> C:\Users\T-GAMER\Desktop\bvidm\pawno\include\YSI\YSI_Data\y_foreach\..\..\YSI_Core\y_core\..\..\YSI_Players\y_android\y_android_entry.inc:147)
[08:07:48] [WARNING] mysql_connect: no password specified
[08:07:48] [WARNING] duplicate connection detected: handle id 1 already exists with host = 'localhost', username = 'root' and database = 'servidor'
[08:07:56] [WARNING] mysql_connect: no password specified (C:\Users\T-GAMER\Desktop\bvidm\pawno\include\../../modules/callbacks.inc:22 -> C:\Users\T-GAMER\Desktop\bvidm\pawno\include\YSI\YSI_Coding\y_hooks\..\y_cgen\y_cgen_impl.inc:156)
[08:08:23] [ERROR] cache_get_value_name_int: field 'pAdmin' not found (C:\Users\T-GAMER\Desktop\bvidm\pawno\include\../../modules/callbacks.inc:151)
[08:08:28] [ERROR] cache_get_value_name: no active cache (C:\Users\T-GAMER\Desktop\bvidm\pawno\include\../../modules/callbacks.inc:36 -> C:\Users\T-GAMER\Desktop\bvidm\pawno\include\YSI\YSI_Coding\y_hooks\..\y_cgen\y_cgen_impl.inc:156)
[08:39:06] [WARNING] mysql_connect: no password specified (C:\Users\T-GAMER\Desktop\bvidm\pawno\include\../../modules/callbacks.inc:22 -> C:\Users\T-GAMER\Desktop\bvidm\pawno\include\YSI\YSI_Coding\y_hooks\..\y_cgen\y_cgen_impl.inc:156)
[08:39:10] [ERROR] cache_get_value_name_int: field 'pAdmin' not found (C:\Users\T-GAMER\Desktop\bvidm\pawno\include\../../modules/callbacks.inc:163)
[08:39:11] [ERROR] cache_get_value_name: no active cache (C:\Users\T-GAMER\Desktop\bvidm\pawno\include\../../modules/callbacks.inc:36 -> C:\Users\T-GAMER\Desktop\bvidm\pawno\include\YSI\YSI_Coding\y_hooks\..\y_cgen\y_cgen_impl.inc:156)
[08:39:22] [ERROR] error #1064 while executing query "UPDATE `jogadores` SET `pDinheiro`='500', `pScore`='0', `pSkin`='0', `pPosX`='-2253.858643', `pPosY`='251.770081', `pPosZ`='35.164063', `pPosA`='229.597015' WHERE `pID`='2', `pAdmin`='3', `pCor`='0'": You have an error in your SQL syntax; check the manual that corresponds to your MariaDB server version for the right syntax to use near ' `pAdmin`='3', `pCor`='0'' at line 1 (C:\Users\T-GAMER\Desktop\bvidm\pawno\include\../../modules/callbacks.inc:208 -> C:\Users\T-GAMER\Desktop\bvidm\pawno\include\../../modules/admin.inc:24 -> C:\Users\T-GAMER\Desktop\bvidm\pawno\include\../../modules/comandos.inc:12)
[08:39:23] [ERROR] cache_get_value_name: no active cache (C:\Users\T-GAMER\Desktop\bvidm\pawno\include\../../modules/callbacks.inc:36 -> C:\Users\T-GAMER\Desktop\bvidm\pawno\include\YSI\YSI_Coding\y_hooks\..\y_cgen\y_cgen_impl.inc:156)
[08:39:27] [ERROR] cache_get_value_name: no active cache (C:\Users\T-GAMER\Desktop\bvidm\pawno\include\../../modules/callbacks.inc:36 -> C:\Users\T-GAMER\Desktop\bvidm\pawno\include\YSI\YSI_Coding\y_hooks\..\y_cgen\y_cgen_impl.inc:156)
[08:39:32] [ERROR] cache_get_value_name: no active cache (C:\Users\T-GAMER\Desktop\bvidm\pawno\include\../../modules/callbacks.inc:36 -> C:\Users\T-GAMER\Desktop\bvidm\pawno\include\YSI\YSI_Coding\y_hooks\..\y_cgen\y_cgen_impl.inc:156)
[08:39:33] [ERROR] cache_get_value_name: no active cache (C:\Users\T-GAMER\Desktop\bvidm\pawno\include\../../modules/callbacks.inc:36 -> C:\Users\T-GAMER\Desktop\bvidm\pawno\include\YSI\YSI_Coding\y_hooks\..\y_cgen\y_cgen_impl.inc:156)
[08:39:35] [ERROR] cache_get_value_name: no active cache (C:\Users\T-GAMER\Desktop\bvidm\pawno\include\../../modules/callbacks.inc:36 -> C:\Users\T-GAMER\Desktop\bvidm\pawno\include\YSI\YSI_Coding\y_hooks\..\y_cgen\y_cgen_impl.inc:156)
[08:39:37] [ERROR] cache_get_value_name: no active cache (C:\Users\T-GAMER\Desktop\bvidm\pawno\include\../../modules/callbacks.inc:36 -> C:\Users\T-GAMER\Desktop\bvidm\pawno\include\YSI\YSI_Coding\y_hooks\..\y_cgen\y_cgen_impl.inc:156)
[08:39:41] [ERROR] error #1064 while executing query "UPDATE `jogadores` SET `pDinheiro`='500', `pScore`='0', `pSkin`='0', `pPosX`='-2246.710449', `pPosY`='276.999390', `pPosZ`='35.320313', `pPosA`='274.597015' WHERE `pID`='2', `pAdmin`='3', `pCor`='0'": You have an error in your SQL syntax; check the manual that corresponds to your MariaDB server version for the right syntax to use near ' `pAdmin`='3', `pCor`='0'' at line 1 (C:\Users\T-GAMER\Desktop\bvidm\pawno\include\../../modules/callbacks.inc:208 -> C:\Users\T-GAMER\Desktop\bvidm\pawno\include\../../modules/callbacks.inc:217 -> C:\Users\T-GAMER\Desktop\bvidm\pawno\include\YSI\YSI_Coding\y_hooks\..\y_cgen\y_cgen_impl.inc:157 -> C:\Users\T-GAMER\Desktop\bvidm\pawno\include\sscanf2.inc:1154 -> C:\Users\T-GAMER\Desktop\bvidm\pawno\include\YSI\YSI_Data\y_foreach\y_foreach_iterators.inc:769 -> C:\Users\T-GAMER\Desktop\bvidm\pawno\include\YSI\YSI_Data\y_foreach\..\..\YSI_Core\y_core\../y_utils/y_utils_ip.inc:115 -> C:\Users\T-GAMER\Desktop\bvidm\pawno\include\YSI\YSI_Data\y_foreach\..\..\YSI_Core\y_core\..\..\YSI_Players\y_android\y_android_entry.inc:147)
[08:40:04] [ERROR] cache_get_value_name_int: field 'pAdmin' not found (C:\Users\T-GAMER\Desktop\bvidm\pawno\include\../../modules/callbacks.inc:163)
[08:40:04] [ERROR] cache_get_value_name: no active cache (C:\Users\T-GAMER\Desktop\bvidm\pawno\include\../../modules/callbacks.inc:36 -> C:\Users\T-GAMER\Desktop\bvidm\pawno\include\YSI\YSI_Coding\y_hooks\..\y_cgen\y_cgen_impl.inc:156)
[08:42:49] [WARNING] mysql_connect: no password specified (C:\Users\T-GAMER\Desktop\bvidm\pawno\include\../../modules/callbacks.inc:22 -> C:\Users\T-GAMER\Desktop\bvidm\pawno\include\YSI\YSI_Coding\y_hooks\..\y_cgen\y_cgen_impl.inc:156)
[08:43:12] [ERROR] cache_get_value_name_int: field 'pAdmin' not found (C:\Users\T-GAMER\Desktop\bvidm\pawno\include\../../modules/callbacks.inc:163)
